# JRE version: Java(TM) SE Runtime Environment 18.9 (11.0.10+8) (build 11.0.10+8-LTS-162)
# Java VM: Java HotSpot(TM) 64-Bit Server VM 18.9 (11.0.10+8-LTS-162, mixed mode, tiered, compressed oops, g1 gc, windows-amd64)
Heap:
 garbage-first heap   total 129024K, used 87982K [0x0000000083c00000, 0x0000000100000000)
  region size 1024K, 74 young (75776K), 10 survivors (10240K)
 Metaspace       used 34484K, capacity 35341K, committed 35376K, reserved 1081344K
  class space    used 3640K, capacity 3952K, committed 3968K, reserved 1048576K
GC Heap History (10 events):
Event: 1.325 GC heap before
{Heap before GC invocations=1 (full 0):
 garbage-first heap   total 129024K, used 17494K [0x0000000083c00000, 0x0000000100000000)
  region size 1024K, 16 young (16384K), 2 survivors (2048K)
 Metaspace       used 13481K, capacity 13694K, committed 13824K, reserved 1060864K
  class space    used 1369K, capacity 1459K, committed 1536K, reserved 1048576K
}
Event: 1.328 GC heap after
{Heap after GC invocations=2 (full 0):
 garbage-first heap   total 129024K, used 3815K [0x0000000083c00000, 0x0000000100000000)
  region size 1024K, 1 young (1024K), 1 survivors (1024K)
 Metaspace       used 13481K, capacity 13694K, committed 13824K, reserved 1060864K
  class space    used 1369K, capacity 1459K, committed 1536K, reserved 1048576K
}
Event: 2.097 GC heap before
{Heap before GC invocations=2 (full 0):
 garbage-first heap   total 129024K, used 36583K [0x0000000083c00000, 0x0000000100000000)
  region size 1024K, 33 young (33792K), 1 survivors (1024K)
 Metaspace       used 18073K, capacity 18331K, committed 18560K, reserved 1064960K
  class space    used 1958K, capacity 2082K, committed 2176K, reserved 1048576K
}
Event: 2.101 GC heap after
{Heap after GC invocations=3 (full 0):
 garbage-first heap   total 129024K, used 5389K [0x0000000083c00000, 0x0000000100000000)
  region size 1024K, 3 young (3072K), 3 survivors (3072K)
 Metaspace       used 18073K, capacity 18331K, committed 18560K, reserved 1064960K
  class space    used 1958K, capacity 2082K, committed 2176K, reserved 1048576K
}
Event: 2.862 GC heap before
{Heap before GC invocations=3 (full 0):
 garbage-first heap   total 129024K, used 24845K [0x0000000083c00000, 0x0000000100000000)
  region size 1024K, 23 young (23552K), 3 survivors (3072K)
 Metaspace       used 20818K, capacity 21161K, committed 21296K, reserved 1069056K
  class space    used 2214K, capacity 2354K, committed 2432K, reserved 1048576K
}
Event: 2.869 GC heap after
{Heap after GC invocations=4 (full 0):
 garbage-first heap   total 129024K, used 8002K [0x0000000083c00000, 0x0000000100000000)
  region size 1024K, 5 young (5120K), 5 survivors (5120K)
 Metaspace       used 20818K, capacity 21161K, committed 21296K, reserved 1069056K
  class space    used 2214K, capacity 2354K, committed 2432K, reserved 1048576K
}
Event: 4.178 GC heap before
{Heap before GC invocations=5 (full 0):
 garbage-first heap   total 129024K, used 70466K [0x0000000083c00000, 0x0000000100000000)
  region size 1024K, 66 young (67584K), 5 survivors (5120K)
 Metaspace       used 21642K, capacity 22043K, committed 22320K, reserved 1069056K
  class space    used 2247K, capacity 2391K, committed 2432K, reserved 1048576K
}
Event: 4.190 GC heap after
{Heap after GC invocations=6 (full 0):
 garbage-first heap   total 129024K, used 13605K [0x0000000083c00000, 0x0000000100000000)
  region size 1024K, 9 young (9216K), 9 survivors (9216K)
 Metaspace       used 21642K, capacity 22043K, committed 22320K, reserved 1069056K
  class space    used 2247K, capacity 2391K, committed 2432K, reserved 1048576K
}
Event: 6.456 GC heap before
{Heap before GC invocations=6 (full 0):
 garbage-first heap   total 129024K, used 81189K [0x0000000083c00000, 0x0000000100000000)
  region size 1024K, 75 young (76800K), 9 survivors (9216K)
 Metaspace       used 31330K, capacity 32090K, committed 32304K, reserved 1077248K
  class space    used 3334K, capacity 3598K, committed 3712K, reserved 1048576K
}
Event: 6.477 GC heap after
{Heap after GC invocations=7 (full 0):
 garbage-first heap   total 129024K, used 23470K [0x0000000083c00000, 0x0000000100000000)
  region size 1024K, 10 young (10240K), 10 survivors (10240K)
 Metaspace       used 31330K, capacity 32090K, committed 32304K, reserved 1077248K
  class space    used 3334K, capacity 3598K, committed 3712K, reserved 1048576K
}

